Determining if the pthread_create exist failed with the following output:
Change Dir: /home/baiguera/Dropbox/blam/internal/build/CMakeFiles/CMakeTmp

Run Build Command:"/usr/bin/make" "cmTC_b46bf/fast"
/usr/bin/make -f CMakeFiles/cmTC_b46bf.dir/build.make CMakeFiles/cmTC_b46bf.dir/build
make[1]: ingresso nella directory "/home/baiguera/Dropbox/blam/internal/build/CMakeFiles/CMakeTmp"
Building C object CMakeFiles/cmTC_b46bf.dir/CheckSymbolExists.c.o
/usr/bin/cc     -o CMakeFiles/cmTC_b46bf.dir/CheckSymbolExists.c.o   -c /home/baiguera/Dropbox/blam/internal/build/CMakeFiles/CMakeTmp/CheckSymbolExists.c
Linking C executable cmTC_b46bf
/usr/bin/cmake -E cmake_link_script CMakeFiles/cmTC_b46bf.dir/link.txt --verbose=1
/usr/bin/cc       CMakeFiles/cmTC_b46bf.dir/CheckSymbolExists.c.o  -o cmTC_b46bf -rdynamic 
CMakeFiles/cmTC_b46bf.dir/CheckSymbolExists.c.o: nella funzione "main":
CheckSymbolExists.c:(.text+0x16): riferimento non definito a "pthread_create"
collect2: error: ld returned 1 exit status
CMakeFiles/cmTC_b46bf.dir/build.make:97: set di istruzioni per l'obiettivo "cmTC_b46bf" non riuscito
make[1]: *** [cmTC_b46bf] Errore 1
make[1]: uscita dalla directory "/home/baiguera/Dropbox/blam/internal/build/CMakeFiles/CMakeTmp"
Makefile:126: set di istruzioni per l'obiettivo "cmTC_b46bf/fast" non riuscito
make: *** [cmTC_b46bf/fast] Errore 2

File /home/baiguera/Dropbox/blam/internal/build/CMakeFiles/CMakeTmp/CheckSymbolExists.c:
/* */
#include <pthread.h>

int main(int argc, char** argv)
{
  (void)argv;
#ifndef pthread_create
  return ((int*)(&pthread_create))[argc];
#else
  (void)argc;
  return 0;
#endif
}

Determining if the function pthread_create exists in the pthreads failed with the following output:
Change Dir: /home/baiguera/Dropbox/blam/internal/build/CMakeFiles/CMakeTmp

Run Build Command:"/usr/bin/make" "cmTC_e573b/fast"
/usr/bin/make -f CMakeFiles/cmTC_e573b.dir/build.make CMakeFiles/cmTC_e573b.dir/build
make[1]: ingresso nella directory "/home/baiguera/Dropbox/blam/internal/build/CMakeFiles/CMakeTmp"
Building C object CMakeFiles/cmTC_e573b.dir/CheckFunctionExists.c.o
/usr/bin/cc    -DCHECK_FUNCTION_EXISTS=pthread_create   -o CMakeFiles/cmTC_e573b.dir/CheckFunctionExists.c.o   -c /usr/share/cmake-3.5/Modules/CheckFunctionExists.c
Linking C executable cmTC_e573b
/usr/bin/cmake -E cmake_link_script CMakeFiles/cmTC_e573b.dir/link.txt --verbose=1
/usr/bin/cc   -DCHECK_FUNCTION_EXISTS=pthread_create    CMakeFiles/cmTC_e573b.dir/CheckFunctionExists.c.o  -o cmTC_e573b -rdynamic -lpthreads 
/usr/bin/ld: impossibile trovare -lpthreads
collect2: error: ld returned 1 exit status
CMakeFiles/cmTC_e573b.dir/build.make:97: set di istruzioni per l'obiettivo "cmTC_e573b" non riuscito
make[1]: *** [cmTC_e573b] Errore 1
make[1]: uscita dalla directory "/home/baiguera/Dropbox/blam/internal/build/CMakeFiles/CMakeTmp"
Makefile:126: set di istruzioni per l'obiettivo "cmTC_e573b/fast" non riuscito
make: *** [cmTC_e573b/fast] Errore 2


